mode: set
github.com/paleicikas/importinvoices/server/internal/export/context.go:15.174,27.31 5 1
github.com/paleicikas/importinvoices/server/internal/export/context.go:27.31,30.40 3 1
github.com/paleicikas/importinvoices/server/internal/export/context.go:30.40,32.4 1 1
github.com/paleicikas/importinvoices/server/internal/export/context.go:34.3,34.58 1 1
github.com/paleicikas/importinvoices/server/internal/export/context.go:35.25,36.60 1 0
github.com/paleicikas/importinvoices/server/internal/export/context.go:37.11,38.68 1 1
github.com/paleicikas/importinvoices/server/internal/export/context.go:42.2,42.35 1 1
github.com/paleicikas/importinvoices/server/internal/export/context.go:42.35,44.3 1 0
github.com/paleicikas/importinvoices/server/internal/export/context.go:46.2,47.35 2 1
github.com/paleicikas/importinvoices/server/internal/export/context.go:47.35,48.29 1 1
github.com/paleicikas/importinvoices/server/internal/export/context.go:48.29,50.4 1 1
github.com/paleicikas/importinvoices/server/internal/export/context.go:51.3,51.27 1 1
github.com/paleicikas/importinvoices/server/internal/export/context.go:51.27,53.4 1 1
github.com/paleicikas/importinvoices/server/internal/export/context.go:55.2,55.31 1 1
github.com/paleicikas/importinvoices/server/internal/export/context.go:55.31,57.17 2 1
github.com/paleicikas/importinvoices/server/internal/export/context.go:57.17,59.4 1 1
github.com/paleicikas/importinvoices/server/internal/export/context.go:59.9,61.4 1 1
github.com/paleicikas/importinvoices/server/internal/export/context.go:64.2,64.12 1 1
github.com/paleicikas/importinvoices/server/internal/export/context.go:67.78,69.30 2 1
github.com/paleicikas/importinvoices/server/internal/export/context.go:69.30,70.46 1 0
github.com/paleicikas/importinvoices/server/internal/export/context.go:70.46,72.4 1 0
github.com/paleicikas/importinvoices/server/internal/export/context.go:73.3,73.47 1 0
github.com/paleicikas/importinvoices/server/internal/export/context.go:73.47,75.4 1 0
github.com/paleicikas/importinvoices/server/internal/export/context.go:76.3,77.18 2 0
github.com/paleicikas/importinvoices/server/internal/export/context.go:77.18,79.4 1 0
github.com/paleicikas/importinvoices/server/internal/export/context.go:81.2,81.12 1 1
github.com/paleicikas/importinvoices/server/internal/export/context.go:84.108,85.72 1 1
github.com/paleicikas/importinvoices/server/internal/export/context.go:85.72,87.3 1 1
github.com/paleicikas/importinvoices/server/internal/export/context.go:88.2,88.33 1 0
github.com/paleicikas/importinvoices/server/internal/export/context.go:88.33,89.69 1 0
github.com/paleicikas/importinvoices/server/internal/export/context.go:89.69,91.4 1 0
github.com/paleicikas/importinvoices/server/internal/export/context.go:93.2,93.29 1 0
github.com/paleicikas/importinvoices/server/internal/export/context.go:96.67,97.71 1 0
github.com/paleicikas/importinvoices/server/internal/export/context.go:97.71,99.3 1 0
github.com/paleicikas/importinvoices/server/internal/export/context.go:100.2,100.75 1 0
github.com/paleicikas/importinvoices/server/internal/export/context.go:100.75,102.3 1 0
github.com/paleicikas/importinvoices/server/internal/export/context.go:103.2,103.92 1 0
github.com/paleicikas/importinvoices/server/internal/export/context.go:103.92,105.3 1 0
github.com/paleicikas/importinvoices/server/internal/export/context.go:106.2,106.14 1 0
github.com/paleicikas/importinvoices/server/internal/export/context.go:109.146,122.39 4 1
github.com/paleicikas/importinvoices/server/internal/export/context.go:122.39,124.3 1 0
github.com/paleicikas/importinvoices/server/internal/export/context.go:126.2,127.29 2 1
github.com/paleicikas/importinvoices/server/internal/export/context.go:127.29,130.32 3 1
github.com/paleicikas/importinvoices/server/internal/export/context.go:130.32,132.4 1 0
github.com/paleicikas/importinvoices/server/internal/export/context.go:133.3,144.5 1 1
github.com/paleicikas/importinvoices/server/internal/export/context.go:147.2,148.44 2 1
github.com/paleicikas/importinvoices/server/internal/export/context.go:148.44,150.3 1 0
github.com/paleicikas/importinvoices/server/internal/export/context.go:152.2,172.3 1 1
github.com/paleicikas/importinvoices/server/internal/export/context.go:179.12,198.36 4 1
github.com/paleicikas/importinvoices/server/internal/export/context.go:198.36,200.3 1 0
github.com/paleicikas/importinvoices/server/internal/export/context.go:201.2,201.33 1 1
github.com/paleicikas/importinvoices/server/internal/export/context.go:201.33,204.20 3 0
github.com/paleicikas/importinvoices/server/internal/export/context.go:204.20,206.4 1 0
github.com/paleicikas/importinvoices/server/internal/export/context.go:207.3,207.19 1 0
github.com/paleicikas/importinvoices/server/internal/export/context.go:207.19,209.4 1 0
github.com/paleicikas/importinvoices/server/internal/export/context.go:210.3,210.38 1 0
github.com/paleicikas/importinvoices/server/internal/export/context.go:210.38,212.4 1 0
github.com/paleicikas/importinvoices/server/internal/export/context.go:213.3,213.21 1 0
github.com/paleicikas/importinvoices/server/internal/export/context.go:213.21,215.4 1 0
github.com/paleicikas/importinvoices/server/internal/export/context.go:216.3,216.19 1 0
github.com/paleicikas/importinvoices/server/internal/export/context.go:216.19,218.4 1 0
github.com/paleicikas/importinvoices/server/internal/export/context.go:219.3,219.25 1 0
github.com/paleicikas/importinvoices/server/internal/export/context.go:219.25,221.4 1 0
github.com/paleicikas/importinvoices/server/internal/export/context.go:222.3,222.22 1 0
github.com/paleicikas/importinvoices/server/internal/export/context.go:222.22,224.4 1 0
github.com/paleicikas/importinvoices/server/internal/export/context.go:225.3,225.20 1 0
github.com/paleicikas/importinvoices/server/internal/export/context.go:225.20,227.4 1 0
github.com/paleicikas/importinvoices/server/internal/export/context.go:228.3,228.26 1 0
github.com/paleicikas/importinvoices/server/internal/export/context.go:228.26,230.4 1 0
github.com/paleicikas/importinvoices/server/internal/export/context.go:231.3,231.22 1 0
github.com/paleicikas/importinvoices/server/internal/export/context.go:231.22,233.4 1 0
github.com/paleicikas/importinvoices/server/internal/export/context.go:234.3,234.26 1 0
github.com/paleicikas/importinvoices/server/internal/export/context.go:234.26,236.4 1 0
github.com/paleicikas/importinvoices/server/internal/export/context.go:237.3,237.30 1 0
github.com/paleicikas/importinvoices/server/internal/export/context.go:237.30,239.4 1 0
github.com/paleicikas/importinvoices/server/internal/export/context.go:240.8,242.3 1 1
github.com/paleicikas/importinvoices/server/internal/export/context.go:244.2,246.14 3 1
github.com/paleicikas/importinvoices/server/internal/export/engine.go:44.120,46.26 2 1
github.com/paleicikas/importinvoices/server/internal/export/engine.go:46.26,48.23 2 1
github.com/paleicikas/importinvoices/server/internal/export/engine.go:48.23,50.4 1 0
github.com/paleicikas/importinvoices/server/internal/export/engine.go:51.3,51.39 1 1
github.com/paleicikas/importinvoices/server/internal/export/engine.go:51.39,52.12 1 1
github.com/paleicikas/importinvoices/server/internal/export/engine.go:54.3,54.84 1 1
github.com/paleicikas/importinvoices/server/internal/export/engine.go:56.2,56.24 1 1
github.com/paleicikas/importinvoices/server/internal/export/engine.go:56.24,58.3 1 1
github.com/paleicikas/importinvoices/server/internal/export/engine.go:59.2,59.24 1 1
github.com/paleicikas/importinvoices/server/internal/export/engine.go:59.24,61.3 1 1
github.com/paleicikas/importinvoices/server/internal/export/engine.go:62.2,63.29 2 1
github.com/paleicikas/importinvoices/server/internal/export/engine.go:63.29,65.23 2 1
github.com/paleicikas/importinvoices/server/internal/export/engine.go:65.23,68.4 2 0
github.com/paleicikas/importinvoices/server/internal/export/engine.go:69.3,69.66 1 1
github.com/paleicikas/importinvoices/server/internal/export/engine.go:69.66,72.4 2 0
github.com/paleicikas/importinvoices/server/internal/export/engine.go:74.2,74.35 1 1
github.com/paleicikas/importinvoices/server/internal/export/engine.go:74.35,76.3 1 0
github.com/paleicikas/importinvoices/server/internal/export/engine.go:77.2,77.107 1 1
github.com/paleicikas/importinvoices/server/internal/export/engine.go:80.49,81.44 1 1
github.com/paleicikas/importinvoices/server/internal/export/engine.go:82.15,83.28 1 0
github.com/paleicikas/importinvoices/server/internal/export/engine.go:84.14,85.27 1 0
github.com/paleicikas/importinvoices/server/internal/export/engine.go:86.14,87.35 1 0
github.com/paleicikas/importinvoices/server/internal/export/engine.go:88.10,89.37 1 1
github.com/paleicikas/importinvoices/server/internal/export/engine.go:93.38,94.47 1 1
github.com/paleicikas/importinvoices/server/internal/export/engine.go:94.47,96.3 1 1
github.com/paleicikas/importinvoices/server/internal/export/engine.go:97.2,97.11 1 0
github.com/paleicikas/importinvoices/server/internal/export/engine.go:100.47,103.2 2 1
github.com/paleicikas/importinvoices/server/internal/export/engine.go:106.92,107.53 1 1
github.com/paleicikas/importinvoices/server/internal/export/engine.go:107.53,109.3 1 1
github.com/paleicikas/importinvoices/server/internal/export/engine.go:110.2,111.18 2 1
github.com/paleicikas/importinvoices/server/internal/export/engine.go:111.18,113.3 1 1
github.com/paleicikas/importinvoices/server/internal/export/engine.go:115.2,116.35 2 1
github.com/paleicikas/importinvoices/server/internal/export/engine.go:116.35,118.17 2 1
github.com/paleicikas/importinvoices/server/internal/export/engine.go:118.17,120.4 1 1
github.com/paleicikas/importinvoices/server/internal/export/engine.go:121.3,122.50 2 0
github.com/paleicikas/importinvoices/server/internal/export/engine.go:122.50,124.4 1 0
github.com/paleicikas/importinvoices/server/internal/export/engine.go:125.3,125.22 1 0
github.com/paleicikas/importinvoices/server/internal/export/engine.go:126.8,128.17 2 0
github.com/paleicikas/importinvoices/server/internal/export/engine.go:128.17,130.4 1 0
github.com/paleicikas/importinvoices/server/internal/export/engine.go:131.3,131.19 1 0
github.com/paleicikas/importinvoices/server/internal/export/engine.go:134.2,135.16 2 0
github.com/paleicikas/importinvoices/server/internal/export/engine.go:135.16,137.3 1 0
github.com/paleicikas/importinvoices/server/internal/export/engine.go:138.2,138.32 1 0
github.com/paleicikas/importinvoices/server/internal/export/engine.go:138.32,140.3 1 0
github.com/paleicikas/importinvoices/server/internal/export/engine.go:141.2,141.46 1 0
github.com/paleicikas/importinvoices/server/internal/export/engine.go:141.46,143.3 1 0
github.com/paleicikas/importinvoices/server/internal/export/engine.go:145.2,147.16 3 0
github.com/paleicikas/importinvoices/server/internal/export/engine.go:147.16,149.3 1 0
github.com/paleicikas/importinvoices/server/internal/export/engine.go:150.2,150.15 1 0
github.com/paleicikas/importinvoices/server/internal/export/engine.go:150.15,150.40 1 0
github.com/paleicikas/importinvoices/server/internal/export/engine.go:152.2,153.28 2 0
github.com/paleicikas/importinvoices/server/internal/export/engine.go:153.28,155.3 1 0
github.com/paleicikas/importinvoices/server/internal/export/engine.go:156.2,156.47 1 0
github.com/paleicikas/importinvoices/server/internal/export/engine.go:159.44,161.16 2 1
github.com/paleicikas/importinvoices/server/internal/export/engine.go:161.16,163.3 1 0
github.com/paleicikas/importinvoices/server/internal/export/engine.go:164.2,164.47 1 1
github.com/paleicikas/importinvoices/server/internal/export/engine.go:164.47,166.3 1 0
github.com/paleicikas/importinvoices/server/internal/export/engine.go:167.2,168.16 2 1
github.com/paleicikas/importinvoices/server/internal/export/engine.go:168.16,170.3 1 0
github.com/paleicikas/importinvoices/server/internal/export/engine.go:171.2,171.114 1 1
github.com/paleicikas/importinvoices/server/internal/export/engine.go:171.114,173.3 1 1
github.com/paleicikas/importinvoices/server/internal/export/engine.go:174.2,174.40 1 1
github.com/paleicikas/importinvoices/server/internal/export/engine.go:174.40,175.118 1 0
github.com/paleicikas/importinvoices/server/internal/export/engine.go:175.118,177.4 1 0
github.com/paleicikas/importinvoices/server/internal/export/engine.go:179.2,179.12 1 1
github.com/paleicikas/importinvoices/server/internal/export/engine.go:182.58,184.79 2 0
github.com/paleicikas/importinvoices/server/internal/export/engine.go:184.79,186.3 1 0
github.com/paleicikas/importinvoices/server/internal/export/engine.go:187.2,189.17 3 0
github.com/paleicikas/importinvoices/server/internal/export/formats.go:55.74,56.33 1 0
github.com/paleicikas/importinvoices/server/internal/export/formats.go:57.14,60.29 3 0
github.com/paleicikas/importinvoices/server/internal/export/formats.go:61.13,66.40 2 0
github.com/paleicikas/importinvoices/server/internal/export/formats.go:66.40,68.4 1 0
github.com/paleicikas/importinvoices/server/internal/export/formats.go:69.3,71.25 3 0
github.com/paleicikas/importinvoices/server/internal/export/formats.go:72.13,73.30 1 0
github.com/paleicikas/importinvoices/server/internal/export/formats.go:74.13,75.30 1 0
github.com/paleicikas/importinvoices/server/internal/export/formats.go:76.10,77.61 1 0
github.com/paleicikas/importinvoices/server/internal/export/formats.go:81.43,93.28 2 0
github.com/paleicikas/importinvoices/server/internal/export/formats.go:93.28,99.3 1 0
github.com/paleicikas/importinvoices/server/internal/export/formats.go:100.2,100.26 1 0
github.com/paleicikas/importinvoices/server/internal/export/formats.go:100.26,106.3 1 0
github.com/paleicikas/importinvoices/server/internal/export/formats.go:107.2,107.33 1 0
github.com/paleicikas/importinvoices/server/internal/export/formats.go:107.33,113.3 1 0
github.com/paleicikas/importinvoices/server/internal/export/formats.go:114.2,114.12 1 0
github.com/paleicikas/importinvoices/server/internal/export/formats.go:117.51,127.41 3 0
github.com/paleicikas/importinvoices/server/internal/export/formats.go:127.41,129.3 1 0
github.com/paleicikas/importinvoices/server/internal/export/formats.go:130.2,130.39 1 0
github.com/paleicikas/importinvoices/server/internal/export/formats.go:130.39,131.26 1 0
github.com/paleicikas/importinvoices/server/internal/export/formats.go:131.26,132.63 1 0
github.com/paleicikas/importinvoices/server/internal/export/formats.go:132.63,134.5 1 0
github.com/paleicikas/importinvoices/server/internal/export/formats.go:135.4,135.12 1 0
github.com/paleicikas/importinvoices/server/internal/export/formats.go:137.3,137.34 1 0
github.com/paleicikas/importinvoices/server/internal/export/formats.go:137.34,138.61 1 0
github.com/paleicikas/importinvoices/server/internal/export/formats.go:138.61,140.5 1 0
github.com/paleicikas/importinvoices/server/internal/export/formats.go:143.2,144.19 2 0
github.com/paleicikas/importinvoices/server/internal/export/formats.go:147.53,149.28 2 0
github.com/paleicikas/importinvoices/server/internal/export/formats.go:149.28,151.3 1 0
github.com/paleicikas/importinvoices/server/internal/export/formats.go:152.2,153.26 2 0
github.com/paleicikas/importinvoices/server/internal/export/formats.go:153.26,155.3 1 0
github.com/paleicikas/importinvoices/server/internal/export/formats.go:156.2,164.3 1 0
github.com/paleicikas/importinvoices/server/internal/export/formats.go:167.51,168.39 1 0
github.com/paleicikas/importinvoices/server/internal/export/formats.go:168.39,169.80 1 0
github.com/paleicikas/importinvoices/server/internal/export/formats.go:169.80,171.4 1 0
github.com/paleicikas/importinvoices/server/internal/export/formats.go:172.3,172.98 1 0
github.com/paleicikas/importinvoices/server/internal/export/formats.go:172.98,174.4 1 0
github.com/paleicikas/importinvoices/server/internal/export/formats.go:175.3,175.29 1 0
github.com/paleicikas/importinvoices/server/internal/export/formats.go:175.29,176.110 1 0
github.com/paleicikas/importinvoices/server/internal/export/formats.go:176.110,178.5 1 0
github.com/paleicikas/importinvoices/server/internal/export/formats.go:180.3,180.27 1 0
github.com/paleicikas/importinvoices/server/internal/export/formats.go:180.27,181.105 1 0
github.com/paleicikas/importinvoices/server/internal/export/formats.go:181.105,183.5 1 0
github.com/paleicikas/importinvoices/server/internal/export/formats.go:185.3,185.110 1 0
github.com/paleicikas/importinvoices/server/internal/export/formats.go:185.110,187.4 1 0
github.com/paleicikas/importinvoices/server/internal/export/formats.go:188.3,188.34 1 0
github.com/paleicikas/importinvoices/server/internal/export/formats.go:188.34,191.53 1 0
github.com/paleicikas/importinvoices/server/internal/export/formats.go:191.53,193.5 1 0
github.com/paleicikas/importinvoices/server/internal/export/formats.go:195.3,195.69 1 0
github.com/paleicikas/importinvoices/server/internal/export/formats.go:195.69,197.4 1 0
github.com/paleicikas/importinvoices/server/internal/export/formats.go:199.2,199.12 1 0
github.com/paleicikas/importinvoices/server/internal/export/helpers.go:11.36,12.14 1 1
github.com/paleicikas/importinvoices/server/internal/export/helpers.go:12.14,14.3 1 1
github.com/paleicikas/importinvoices/server/internal/export/helpers.go:15.2,15.11 1 1
github.com/paleicikas/importinvoices/server/internal/export/helpers.go:18.37,19.14 1 1
github.com/paleicikas/importinvoices/server/internal/export/helpers.go:19.14,21.3 1 0
github.com/paleicikas/importinvoices/server/internal/export/helpers.go:22.2,22.11 1 1
github.com/paleicikas/importinvoices/server/internal/export/helpers.go:25.30,26.14 1 1
github.com/paleicikas/importinvoices/server/internal/export/helpers.go:26.14,28.3 1 1
github.com/paleicikas/importinvoices/server/internal/export/helpers.go:29.2,29.11 1 0
github.com/paleicikas/importinvoices/server/internal/export/helpers.go:32.40,33.14 1 1
github.com/paleicikas/importinvoices/server/internal/export/helpers.go:33.14,35.3 1 1
github.com/paleicikas/importinvoices/server/internal/export/helpers.go:36.2,36.11 1 1
github.com/paleicikas/importinvoices/server/internal/export/helpers.go:39.52,40.16 1 1
github.com/paleicikas/importinvoices/server/internal/export/helpers.go:40.16,42.3 1 1
github.com/paleicikas/importinvoices/server/internal/export/helpers.go:43.2,43.18 1 1
github.com/paleicikas/importinvoices/server/internal/export/helpers.go:43.18,45.3 1 0
github.com/paleicikas/importinvoices/server/internal/export/helpers.go:46.2,46.25 1 1
github.com/paleicikas/importinvoices/server/internal/export/helpers.go:49.50,50.18 1 1
github.com/paleicikas/importinvoices/server/internal/export/helpers.go:50.18,52.3 1 0
github.com/paleicikas/importinvoices/server/internal/export/helpers.go:53.2,53.50 1 1
github.com/paleicikas/importinvoices/server/internal/export/helpers.go:56.33,58.2 1 1
github.com/paleicikas/importinvoices/server/internal/export/helpers.go:60.33,61.13 1 1
github.com/paleicikas/importinvoices/server/internal/export/helpers.go:61.13,63.3 1 1
github.com/paleicikas/importinvoices/server/internal/export/helpers.go:64.2,64.41 1 1
github.com/paleicikas/importinvoices/server/internal/export/helpers.go:64.41,66.3 1 1
github.com/paleicikas/importinvoices/server/internal/export/helpers.go:67.2,67.10 1 1
github.com/paleicikas/importinvoices/server/internal/export/helpers.go:70.34,71.13 1 1
github.com/paleicikas/importinvoices/server/internal/export/helpers.go:71.13,73.3 1 1
github.com/paleicikas/importinvoices/server/internal/export/helpers.go:74.2,75.16 2 1
github.com/paleicikas/importinvoices/server/internal/export/helpers.go:75.16,77.3 1 0
github.com/paleicikas/importinvoices/server/internal/export/helpers.go:78.2,78.17 1 1
github.com/paleicikas/importinvoices/server/internal/export/helpers.go:78.17,80.3 1 1
github.com/paleicikas/importinvoices/server/internal/export/helpers.go:81.2,81.10 1 0
github.com/paleicikas/importinvoices/server/internal/export/helpers.go:84.29,85.13 1 0
github.com/paleicikas/importinvoices/server/internal/export/helpers.go:85.13,87.3 1 0
github.com/paleicikas/importinvoices/server/internal/export/helpers.go:88.2,88.78 1 0
github.com/paleicikas/importinvoices/server/internal/export/helpers.go:91.49,95.16 4 1
github.com/paleicikas/importinvoices/server/internal/export/helpers.go:95.16,97.3 1 1
github.com/paleicikas/importinvoices/server/internal/export/helpers.go:98.2,98.15 1 0
github.com/paleicikas/importinvoices/server/internal/export/helpers.go:98.15,100.3 1 0
github.com/paleicikas/importinvoices/server/internal/export/helpers.go:101.2,101.25 1 0
github.com/paleicikas/importinvoices/server/internal/export/sample.go:6.30,48.2 8 0
github.com/paleicikas/importinvoices/server/internal/export/system.go:22.28,25.16 3 1
github.com/paleicikas/importinvoices/server/internal/export/system.go:25.16,27.3 1 0
github.com/paleicikas/importinvoices/server/internal/export/system.go:28.2,28.32 1 1
github.com/paleicikas/importinvoices/server/internal/export/system.go:28.32,29.87 1 1
github.com/paleicikas/importinvoices/server/internal/export/system.go:29.87,30.12 1 0
github.com/paleicikas/importinvoices/server/internal/export/system.go:32.3,33.37 2 1
github.com/paleicikas/importinvoices/server/internal/export/system.go:33.37,34.12 1 0
github.com/paleicikas/importinvoices/server/internal/export/system.go:36.3,37.29 2 1
github.com/paleicikas/importinvoices/server/internal/export/system.go:51.63,61.86 3 1
github.com/paleicikas/importinvoices/server/internal/export/system.go:61.86,63.38 2 1
github.com/paleicikas/importinvoices/server/internal/export/system.go:63.38,64.21 1 1
github.com/paleicikas/importinvoices/server/internal/export/system.go:64.21,66.5 1 1
github.com/paleicikas/importinvoices/server/internal/export/system.go:67.4,71.20 5 1
github.com/paleicikas/importinvoices/server/internal/export/system.go:71.20,73.5 1 1
github.com/paleicikas/importinvoices/server/internal/export/system.go:77.2,78.16 2 1
github.com/paleicikas/importinvoices/server/internal/export/system.go:78.16,80.3 1 0
github.com/paleicikas/importinvoices/server/internal/export/system.go:81.2,81.26 1 1
github.com/paleicikas/importinvoices/server/internal/export/system.go:81.26,83.95 2 1
github.com/paleicikas/importinvoices/server/internal/export/system.go:83.95,84.12 1 1
github.com/paleicikas/importinvoices/server/internal/export/system.go:86.3,87.21 2 1
github.com/paleicikas/importinvoices/server/internal/export/system.go:87.21,89.4 1 0
github.com/paleicikas/importinvoices/server/internal/export/system.go:90.3,90.94 1 1
github.com/paleicikas/importinvoices/server/internal/export/system.go:93.2,93.85 1 1
github.com/paleicikas/importinvoices/server/internal/export/system.go:93.85,95.22 2 0
github.com/paleicikas/importinvoices/server/internal/export/system.go:95.22,97.4 1 0
github.com/paleicikas/importinvoices/server/internal/export/system.go:98.3,99.22 2 0
github.com/paleicikas/importinvoices/server/internal/export/system.go:102.2,102.18 1 1
github.com/paleicikas/importinvoices/server/internal/export/system.go:105.43,110.2 4 1
github.com/paleicikas/importinvoices/server/internal/export/system.go:112.56,116.2 3 1
github.com/paleicikas/importinvoices/server/internal/export/system.go:118.61,120.9 2 0
github.com/paleicikas/importinvoices/server/internal/export/system.go:120.9,122.3 1 0
github.com/paleicikas/importinvoices/server/internal/export/system.go:123.2,126.21 4 0
github.com/paleicikas/importinvoices/server/internal/export/template.go:11.39,19.40 1 1
github.com/paleicikas/importinvoices/server/internal/export/template.go:19.40,19.61 1 0
github.com/paleicikas/importinvoices/server/internal/export/template.go:20.57,21.16 1 0
github.com/paleicikas/importinvoices/server/internal/export/template.go:21.16,23.5 1 0
github.com/paleicikas/importinvoices/server/internal/export/template.go:24.4,24.17 1 0
github.com/paleicikas/importinvoices/server/internal/export/template.go:25.17,26.19 1 0
github.com/paleicikas/importinvoices/server/internal/export/template.go:27.16,28.18 1 0
github.com/paleicikas/importinvoices/server/internal/export/template.go:29.15,30.37 1 0
github.com/paleicikas/importinvoices/server/internal/export/template.go:31.18,32.20 1 0
github.com/paleicikas/importinvoices/server/internal/export/template.go:33.16,34.18 1 0
github.com/paleicikas/importinvoices/server/internal/export/template.go:35.19,36.21 1 0
github.com/paleicikas/importinvoices/server/internal/export/template.go:37.16,38.25 1 0
github.com/paleicikas/importinvoices/server/internal/export/template.go:39.12,40.14 1 0
github.com/paleicikas/importinvoices/server/internal/export/template.go:43.31,43.50 1 1
github.com/paleicikas/importinvoices/server/internal/export/template.go:44.30,44.46 1 1
github.com/paleicikas/importinvoices/server/internal/export/template.go:45.38,45.54 1 1
github.com/paleicikas/importinvoices/server/internal/export/template.go:46.37,47.14 1 1
github.com/paleicikas/importinvoices/server/internal/export/template.go:47.14,49.5 1 0
github.com/paleicikas/importinvoices/server/internal/export/template.go:50.4,50.16 1 1
github.com/paleicikas/importinvoices/server/internal/export/template.go:52.34,53.14 1 1
github.com/paleicikas/importinvoices/server/internal/export/template.go:53.14,55.5 1 1
github.com/paleicikas/importinvoices/server/internal/export/template.go:56.4,56.25 1 0
github.com/paleicikas/importinvoices/server/internal/export/template.go:58.53,59.38 1 1
github.com/paleicikas/importinvoices/server/internal/export/template.go:59.38,61.5 1 1
github.com/paleicikas/importinvoices/server/internal/export/template.go:62.4,62.16 1 1
github.com/paleicikas/importinvoices/server/internal/export/template.go:64.44,65.29 1 1
github.com/paleicikas/importinvoices/server/internal/export/template.go:65.29,67.5 1 1
github.com/paleicikas/importinvoices/server/internal/export/template.go:68.4,68.16 1 1
github.com/paleicikas/importinvoices/server/internal/export/template.go:74.76,76.16 2 1
github.com/paleicikas/importinvoices/server/internal/export/template.go:76.16,78.3 1 0
github.com/paleicikas/importinvoices/server/internal/export/template.go:79.2,80.52 2 1
github.com/paleicikas/importinvoices/server/internal/export/template.go:80.52,82.3 1 0
github.com/paleicikas/importinvoices/server/internal/export/template.go:83.2,83.45 1 1
